# JRE version: Java(TM) SE Runtime Environment (8.0_51-b16) (build 1.8.0_51-b16)
# Java VM: Java HotSpot(TM) 64-Bit Server VM (25.51-b03 mixed mode windows-amd64 compressed oops)
Heap:
 garbage-first heap   total 6291456K, used 1608612K [0x000000055e000000, 0x0000000560000600, 0x00000007c0000000)
  region size 32768K, 4 young (131072K), 4 survivors (131072K)
 Metaspace       used 60008K, capacity 60819K, committed 61312K, reserved 1101824K
  class space    used 8266K, capacity 8498K, committed 8576K, reserved 1048576K
GC Heap History (10 events):
Event: 37.011 GC heap after
Heap after GC invocations=53 (full 0):
 garbage-first heap   total 1114112K, used 888871K [0x000000055e000000, 0x0000000560000110, 0x00000007c0000000)
  region size 32768K, 1 young (32768K), 1 survivors (32768K)
 Metaspace       used 59260K, capacity 60081K, committed 60672K, reserved 1101824K
  class space    used 8125K, capacity 8337K, committed 8448K, reserved 1048576K
}
Event: 37.438 GC heap before
{Heap before GC invocations=53 (full 0):
 garbage-first heap   total 1114112K, used 1052711K [0x000000055e000000, 0x0000000560000110, 0x00000007c0000000)
  region size 32768K, 6 young (196608K), 1 survivors (32768K)
 Metaspace       used 59269K, capacity 60113K, committed 60672K, reserved 1101824K
  class space    used 8127K, capacity 8369K, committed 8448K, reserved 1048576K
Event: 37.514 GC heap after
Heap after GC invocations=54 (full 0):
 garbage-first heap   total 1212416K, used 975918K [0x000000055e000000, 0x0000000560000128, 0x00000007c0000000)
  region size 32768K, 1 young (32768K), 1 survivors (32768K)
 Metaspace       used 59269K, capacity 60113K, committed 60672K, reserved 1101824K
  class space    used 8127K, capacity 8369K, committed 8448K, reserved 1048576K
}
Event: 38.104 GC heap before
{Heap before GC invocations=54 (full 0):
 garbage-first heap   total 1212416K, used 1172526K [0x000000055e000000, 0x0000000560000128, 0x00000007c0000000)
  region size 32768K, 7 young (229376K), 1 survivors (32768K)
 Metaspace       used 59269K, capacity 60113K, committed 60672K, reserved 1101824K
  class space    used 8127K, capacity 8369K, committed 8448K, reserved 1048576K
Event: 38.201 GC heap after
Heap after GC invocations=55 (full 0):
 garbage-first heap   total 2686976K, used 1068443K [0x000000055e000000, 0x0000000560000290, 0x00000007c0000000)
  region size 32768K, 1 young (32768K), 1 survivors (32768K)
 Metaspace       used 59269K, capacity 60113K, committed 60672K, reserved 1101824K
  class space    used 8127K, capacity 8369K, committed 8448K, reserved 1048576K
}
Event: 39.961 GC heap before
{Heap before GC invocations=56 (full 0):
 garbage-first heap   total 2686976K, used 1559963K [0x000000055e000000, 0x0000000560000290, 0x00000007c0000000)
  region size 32768K, 16 young (524288K), 1 survivors (32768K)
 Metaspace       used 59269K, capacity 60113K, committed 60672K, reserved 1101824K
  class space    used 8127K, capacity 8369K, committed 8448K, reserved 1048576K
Event: 40.200 GC heap after
Heap after GC invocations=57 (full 0):
 garbage-first heap   total 4161536K, used 1226365K [0x000000055e000000, 0x00000005600003f8, 0x00000007c0000000)
  region size 32768K, 2 young (65536K), 2 survivors (65536K)
 Metaspace       used 59269K, capacity 60113K, committed 60672K, reserved 1101824K
  class space    used 8127K, capacity 8369K, committed 8448K, reserved 1048576K
}
Event: 43.997 GC heap before
{Heap before GC invocations=57 (full 0):
 garbage-first heap   total 4161536K, used 1980029K [0x000000055e000000, 0x00000005600003f8, 0x00000007c0000000)
  region size 32768K, 25 young (819200K), 2 survivors (65536K)
 Metaspace       used 59269K, capacity 60113K, committed 60672K, reserved 1101824K
  class space    used 8127K, capacity 8369K, committed 8448K, reserved 1048576K
Event: 44.421 GC heap after
Heap after GC invocations=58 (full 0):
 garbage-first heap   total 5341184K, used 1407784K [0x000000055e000000, 0x0000000560000518, 0x00000007c0000000)
  region size 32768K, 4 young (131072K), 4 survivors (131072K)
 Metaspace       used 59269K, capacity 60113K, committed 60672K, reserved 1101824K
  class space    used 8127K, capacity 8369K, committed 8448K, reserved 1048576K
}
Event: 67.296 GC heap before
{Heap before GC invocations=58 (full 0):
 garbage-first heap   total 5341184K, used 2351010K [0x000000055e000000, 0x0000000560000518, 0x00000007c0000000)
  region size 32768K, 32 young (1048576K), 4 survivors (131072K)
 Metaspace       used 60008K, capacity 60819K, committed 61312K, reserved 1101824K
  class space    used 8266K, capacity 8498K, committed 8576K, reserved 1048576K

