# JRE version: Java(TM) SE Runtime Environment (8.0_51-b16) (build 1.8.0_51-b16)
# Java VM: Java HotSpot(TM) 64-Bit Server VM (25.51-b03 mixed mode windows-amd64 compressed oops)
Heap:
 garbage-first heap   total 3047424K, used 2027609K [0x0000000704000000, 0x00000007060002e8, 0x00000007c0000000)
  region size 32768K, 20 young (655360K), 2 survivors (65536K)
 Metaspace       used 99299K, capacity 102381K, committed 102672K, reserved 1138688K
  class space    used 13219K, capacity 13813K, committed 13848K, reserved 1048576K
GC Heap History (10 events):
Event: 916.802 GC heap before
{Heap before GC invocations=219 (full 3):
 garbage-first heap   total 3047424K, used 2287706K [0x0000000704000000, 0x00000007060002e8, 0x00000007c0000000)
  region size 32768K, 27 young (884736K), 2 survivors (65536K)
 Metaspace       used 98893K, capacity 101977K, committed 102160K, reserved 1138688K
  class space    used 13196K, capacity 13809K, committed 13848K, reserved 1048576K
Event: 916.836 GC heap after
Heap after GC invocations=220 (full 3):
 garbage-first heap   total 3047424K, used 1470221K [0x0000000704000000, 0x00000007060002e8, 0x00000007c0000000)
  region size 32768K, 2 young (65536K), 2 survivors (65536K)
 Metaspace       used 98893K, capacity 101977K, committed 102160K, reserved 1138688K
  class space    used 13196K, capacity 13809K, committed 13848K, reserved 1048576K
}
Event: 925.901 GC heap before
{Heap before GC invocations=220 (full 3):
 garbage-first heap   total 3047424K, used 2289421K [0x0000000704000000, 0x00000007060002e8, 0x00000007c0000000)
  region size 32768K, 27 young (884736K), 2 survivors (65536K)
 Metaspace       used 98927K, capacity 102041K, committed 102160K, reserved 1138688K
  class space    used 13197K, capacity 13809K, committed 13848K, reserved 1048576K
Event: 925.920 GC heap after
Heap after GC invocations=221 (full 3):
 garbage-first heap   total 3047424K, used 1465311K [0x0000000704000000, 0x00000007060002e8, 0x00000007c0000000)
  region size 32768K, 2 young (65536K), 2 survivors (65536K)
 Metaspace       used 98927K, capacity 102041K, committed 102160K, reserved 1138688K
  class space    used 13197K, capacity 13809K, committed 13848K, reserved 1048576K
}
Event: 937.252 GC heap before
{Heap before GC invocations=221 (full 3):
 garbage-first heap   total 3047424K, used 2284511K [0x0000000704000000, 0x00000007060002e8, 0x00000007c0000000)
  region size 32768K, 27 young (884736K), 2 survivors (65536K)
 Metaspace       used 98986K, capacity 102109K, committed 102160K, reserved 1138688K
  class space    used 13199K, capacity 13809K, committed 13848K, reserved 1048576K
Event: 937.274 GC heap after
Heap after GC invocations=222 (full 3):
 garbage-first heap   total 3047424K, used 1475637K [0x0000000704000000, 0x00000007060002e8, 0x00000007c0000000)
  region size 32768K, 2 young (65536K), 2 survivors (65536K)
 Metaspace       used 98986K, capacity 102109K, committed 102160K, reserved 1138688K
  class space    used 13199K, capacity 13809K, committed 13848K, reserved 1048576K
}
Event: 956.253 GC heap before
{Heap before GC invocations=223 (full 3):
 garbage-first heap   total 3047424K, used 2294837K [0x0000000704000000, 0x00000007060002e8, 0x00000007c0000000)
  region size 32768K, 27 young (884736K), 2 survivors (65536K)
 Metaspace       used 99051K, capacity 102115K, committed 102416K, reserved 1138688K
  class space    used 13206K, capacity 13812K, committed 13848K, reserved 1048576K
Event: 956.278 GC heap after
Heap after GC invocations=224 (full 3):
 garbage-first heap   total 3047424K, used 1474323K [0x0000000704000000, 0x00000007060002e8, 0x00000007c0000000)
  region size 32768K, 2 young (65536K), 2 survivors (65536K)
 Metaspace       used 99051K, capacity 102115K, committed 102416K, reserved 1138688K
  class space    used 13206K, capacity 13812K, committed 13848K, reserved 1048576K
}
Event: 974.188 GC heap before
{Heap before GC invocations=224 (full 3):
 garbage-first heap   total 3047424K, used 2293523K [0x0000000704000000, 0x00000007060002e8, 0x00000007c0000000)
  region size 32768K, 27 young (884736K), 2 survivors (65536K)
 Metaspace       used 99152K, capacity 102249K, committed 102416K, reserved 1138688K
  class space    used 13212K, capacity 13813K, committed 13848K, reserved 1048576K
Event: 974.214 GC heap after
Heap after GC invocations=225 (full 3):
 garbage-first heap   total 3047424K, used 1470553K [0x0000000704000000, 0x00000007060002e8, 0x00000007c0000000)
  region size 32768K, 2 young (65536K), 2 survivors (65536K)
 Metaspace       used 99152K, capacity 102249K, committed 102416K, reserved 1138688K
  class space    used 13212K, capacity 13813K, committed 13848K, reserved 1048576K
}

