# JRE version: Java(TM) SE Runtime Environment (8.0_51-b16) (build 1.8.0_51-b16)
# Java VM: Java HotSpot(TM) 64-Bit Server VM (25.51-b03 mixed mode windows-amd64 compressed oops)
Heap:
 garbage-first heap   total 2883584K, used 2105414K [0x0000000704000000, 0x00000007060002c0, 0x00000007c0000000)
  region size 32768K, 14 young (458752K), 2 survivors (65536K)
 Metaspace       used 126570K, capacity 131777K, committed 132056K, reserved 1163264K
  class space    used 17715K, capacity 18842K, committed 18944K, reserved 1048576K
GC Heap History (10 events):
Event: 521.299 GC heap before
{Heap before GC invocations=174 (full 3):
 garbage-first heap   total 2883584K, used 2227325K [0x0000000704000000, 0x00000007060002c0, 0x00000007c0000000)
  region size 32768K, 17 young (557056K), 3 survivors (98304K)
 Metaspace       used 126550K, capacity 131777K, committed 132056K, reserved 1163264K
  class space    used 17715K, capacity 18842K, committed 18944K, reserved 1048576K
Event: 521.333 GC heap after
Heap after GC invocations=175 (full 3):
 garbage-first heap   total 2883584K, used 1750618K [0x0000000704000000, 0x00000007060002c0, 0x00000007c0000000)
  region size 32768K, 3 young (98304K), 3 survivors (98304K)
 Metaspace       used 126550K, capacity 131777K, committed 132056K, reserved 1163264K
  class space    used 17715K, capacity 18842K, committed 18944K, reserved 1048576K
}
Event: 526.120 GC heap before
{Heap before GC invocations=176 (full 3):
 garbage-first heap   total 2883584K, used 2209370K [0x0000000704000000, 0x00000007060002c0, 0x00000007c0000000)
  region size 32768K, 17 young (557056K), 3 survivors (98304K)
 Metaspace       used 126557K, capacity 131777K, committed 132056K, reserved 1163264K
  class space    used 17715K, capacity 18842K, committed 18944K, reserved 1048576K
Event: 526.150 GC heap after
Heap after GC invocations=177 (full 3):
 garbage-first heap   total 2883584K, used 1761923K [0x0000000704000000, 0x00000007060002c0, 0x00000007c0000000)
  region size 32768K, 3 young (98304K), 3 survivors (98304K)
 Metaspace       used 126557K, capacity 131777K, committed 132056K, reserved 1163264K
  class space    used 17715K, capacity 18842K, committed 18944K, reserved 1048576K
}
Event: 531.248 GC heap before
{Heap before GC invocations=177 (full 3):
 garbage-first heap   total 2883584K, used 2220675K [0x0000000704000000, 0x00000007060002c0, 0x00000007c0000000)
  region size 32768K, 17 young (557056K), 3 survivors (98304K)
 Metaspace       used 126558K, capacity 131777K, committed 132056K, reserved 1163264K
  class space    used 17715K, capacity 18842K, committed 18944K, reserved 1048576K
Event: 531.286 GC heap after
Heap after GC invocations=178 (full 3):
 garbage-first heap   total 2883584K, used 1747208K [0x0000000704000000, 0x00000007060002c0, 0x00000007c0000000)
  region size 32768K, 3 young (98304K), 3 survivors (98304K)
 Metaspace       used 126558K, capacity 131777K, committed 132056K, reserved 1163264K
  class space    used 17715K, capacity 18842K, committed 18944K, reserved 1048576K
}
Event: 536.336 GC heap before
{Heap before GC invocations=178 (full 3):
 garbage-first heap   total 2883584K, used 2205960K [0x0000000704000000, 0x00000007060002c0, 0x00000007c0000000)
  region size 32768K, 17 young (557056K), 3 survivors (98304K)
 Metaspace       used 126559K, capacity 131777K, committed 132056K, reserved 1163264K
  class space    used 17715K, capacity 18842K, committed 18944K, reserved 1048576K
Event: 536.367 GC heap after
Heap after GC invocations=179 (full 3):
 garbage-first heap   total 2883584K, used 1743360K [0x0000000704000000, 0x00000007060002c0, 0x00000007c0000000)
  region size 32768K, 2 young (65536K), 2 survivors (65536K)
 Metaspace       used 126559K, capacity 131777K, committed 132056K, reserved 1163264K
  class space    used 17715K, capacity 18842K, committed 18944K, reserved 1048576K
}
Event: 541.498 GC heap before
{Heap before GC invocations=179 (full 3):
 garbage-first heap   total 2883584K, used 2234880K [0x0000000704000000, 0x00000007060002c0, 0x00000007c0000000)
  region size 32768K, 17 young (557056K), 2 survivors (65536K)
 Metaspace       used 126567K, capacity 131777K, committed 132056K, reserved 1163264K
  class space    used 17715K, capacity 18842K, committed 18944K, reserved 1048576K
Event: 541.527 GC heap after
Heap after GC invocations=180 (full 3):
 garbage-first heap   total 2883584K, used 1744966K [0x0000000704000000, 0x00000007060002c0, 0x00000007c0000000)
  region size 32768K, 2 young (65536K), 2 survivors (65536K)
 Metaspace       used 126567K, capacity 131777K, committed 132056K, reserved 1163264K
  class space    used 17715K, capacity 18842K, committed 18944K, reserved 1048576K
}

