# JRE version: Java(TM) SE Runtime Environment (8.0_51-b16) (build 1.8.0_51-b16)
# Java VM: Java HotSpot(TM) 64-Bit Server VM (25.51-b03 mixed mode windows-amd64 compressed oops)
Heap:
 garbage-first heap   total 2523136K, used 2020255K [0x0000000704000000, 0x0000000706000268, 0x00000007c0000000)
  region size 32768K, 11 young (360448K), 2 survivors (65536K)
 Metaspace       used 75898K, capacity 77177K, committed 77300K, reserved 1116160K
  class space    used 10888K, capacity 11251K, committed 11264K, reserved 1048576K
GC Heap History (10 events):
Event: 139.810 GC heap before
{Heap before GC invocations=87 (full 0):
 garbage-first heap   total 2523136K, used 2171008K [0x0000000704000000, 0x0000000706000268, 0x00000007c0000000)
  region size 32768K, 15 young (491520K), 2 survivors (65536K)
 Metaspace       used 75145K, capacity 76407K, committed 76532K, reserved 1114112K
  class space    used 10824K, capacity 11200K, committed 11264K, reserved 1048576K
Event: 139.893 GC heap after
Heap after GC invocations=88 (full 0):
 garbage-first heap   total 2523136K, used 1832601K [0x0000000704000000, 0x0000000706000268, 0x00000007c0000000)
  region size 32768K, 2 young (65536K), 2 survivors (65536K)
 Metaspace       used 75145K, capacity 76407K, committed 76532K, reserved 1114112K
  class space    used 10824K, capacity 11200K, committed 11264K, reserved 1048576K
}
Event: 141.643 GC heap before
{Heap before GC invocations=88 (full 0):
 garbage-first heap   total 2523136K, used 2258585K [0x0000000704000000, 0x0000000706000268, 0x00000007c0000000)
  region size 32768K, 15 young (491520K), 2 survivors (65536K)
 Metaspace       used 75296K, capacity 76551K, committed 76788K, reserved 1114112K
  class space    used 10839K, capacity 11202K, committed 11264K, reserved 1048576K
Event: 141.696 GC heap after
Heap after GC invocations=89 (full 0):
 garbage-first heap   total 2523136K, used 1819851K [0x0000000704000000, 0x0000000706000268, 0x00000007c0000000)
  region size 32768K, 2 young (65536K), 2 survivors (65536K)
 Metaspace       used 75296K, capacity 76551K, committed 76788K, reserved 1114112K
  class space    used 10839K, capacity 11202K, committed 11264K, reserved 1048576K
}
Event: 144.081 GC heap before
{Heap before GC invocations=89 (full 0):
 garbage-first heap   total 2523136K, used 2245835K [0x0000000704000000, 0x0000000706000268, 0x00000007c0000000)
  region size 32768K, 15 young (491520K), 2 survivors (65536K)
 Metaspace       used 75561K, capacity 76903K, committed 77044K, reserved 1116160K
  class space    used 10864K, capacity 11246K, committed 11264K, reserved 1048576K
Event: 144.220 GC heap after
Heap after GC invocations=90 (full 0):
 garbage-first heap   total 2523136K, used 1853186K [0x0000000704000000, 0x0000000706000268, 0x00000007c0000000)
  region size 32768K, 2 young (65536K), 2 survivors (65536K)
 Metaspace       used 75561K, capacity 76903K, committed 77044K, reserved 1116160K
  class space    used 10864K, capacity 11246K, committed 11264K, reserved 1048576K
}
Event: 146.054 GC heap before
{Heap before GC invocations=91 (full 0):
 garbage-first heap   total 2523136K, used 2279170K [0x0000000704000000, 0x0000000706000268, 0x00000007c0000000)
  region size 32768K, 15 young (491520K), 2 survivors (65536K)
 Metaspace       used 75823K, capacity 77165K, committed 77300K, reserved 1116160K
  class space    used 10881K, capacity 11247K, committed 11264K, reserved 1048576K
Event: 146.169 GC heap after
Heap after GC invocations=92 (full 0):
 garbage-first heap   total 2523136K, used 1888597K [0x0000000704000000, 0x0000000706000268, 0x00000007c0000000)
  region size 32768K, 2 young (65536K), 2 survivors (65536K)
 Metaspace       used 75823K, capacity 77165K, committed 77300K, reserved 1116160K
  class space    used 10881K, capacity 11247K, committed 11264K, reserved 1048576K
}
Event: 148.210 GC heap before
{Heap before GC invocations=92 (full 0):
 garbage-first heap   total 2523136K, used 2314581K [0x0000000704000000, 0x0000000706000268, 0x00000007c0000000)
  region size 32768K, 15 young (491520K), 2 survivors (65536K)
 Metaspace       used 75876K, capacity 77171K, committed 77300K, reserved 1116160K
  class space    used 10882K, capacity 11248K, committed 11264K, reserved 1048576K
Event: 148.383 GC heap after
Heap after GC invocations=93 (full 0):
 garbage-first heap   total 2523136K, used 1758111K [0x0000000704000000, 0x0000000706000268, 0x00000007c0000000)
  region size 32768K, 2 young (65536K), 2 survivors (65536K)
 Metaspace       used 75876K, capacity 77171K, committed 77300K, reserved 1116160K
  class space    used 10882K, capacity 11248K, committed 11264K, reserved 1048576K
}

