# JRE version: Java(TM) SE Runtime Environment (8.0_51-b16) (build 1.8.0_51-b16)
# Java VM: Java HotSpot(TM) 64-Bit Server VM (25.51-b03 mixed mode windows-amd64 compressed oops)
Heap:
 garbage-first heap   total 4718592K, used 3517847K [0x00000004cc000000, 0x00000004ce000480, 0x00000007c0000000)
  region size 32768K, 62 young (2031616K), 2 survivors (65536K)
 Metaspace       used 124694K, capacity 129757K, committed 129860K, reserved 1161216K
  class space    used 17552K, capacity 18668K, committed 18764K, reserved 1048576K
GC Heap History (10 events):
Event: 401.263 GC heap before
{Heap before GC invocations=120 (full 2):
 garbage-first heap   total 4718592K, used 2416138K [0x00000004cc000000, 0x00000004ce000480, 0x00000007c0000000)
  region size 32768K, 28 young (917504K), 3 survivors (98304K)
 Metaspace       used 124400K, capacity 129473K, committed 129860K, reserved 1161216K
  class space    used 17541K, capacity 18656K, committed 18764K, reserved 1048576K
Event: 401.295 GC heap after
Heap after GC invocations=121 (full 2):
 garbage-first heap   total 4718592K, used 1568355K [0x00000004cc000000, 0x00000004ce000480, 0x00000007c0000000)
  region size 32768K, 2 young (65536K), 2 survivors (65536K)
 Metaspace       used 124400K, capacity 129473K, committed 129860K, reserved 1161216K
  class space    used 17541K, capacity 18656K, committed 18764K, reserved 1048576K
}
Event: 430.132 GC heap before
{Heap before GC invocations=121 (full 2):
 garbage-first heap   total 4718592K, used 3534435K [0x00000004cc000000, 0x00000004ce000480, 0x00000007c0000000)
  region size 32768K, 62 young (2031616K), 2 survivors (65536K)
 Metaspace       used 124479K, capacity 129567K, committed 129860K, reserved 1161216K
  class space    used 17546K, capacity 18661K, committed 18764K, reserved 1048576K
Event: 430.194 GC heap after
Heap after GC invocations=122 (full 2):
 garbage-first heap   total 4718592K, used 1578352K [0x00000004cc000000, 0x00000004ce000480, 0x00000007c0000000)
  region size 32768K, 2 young (65536K), 2 survivors (65536K)
 Metaspace       used 124479K, capacity 129567K, committed 129860K, reserved 1161216K
  class space    used 17546K, capacity 18661K, committed 18764K, reserved 1048576K
}
Event: 442.477 GC heap before
{Heap before GC invocations=122 (full 2):
 garbage-first heap   total 4718592K, used 2430320K [0x00000004cc000000, 0x00000004ce000480, 0x00000007c0000000)
  region size 32768K, 28 young (917504K), 2 survivors (65536K)
 Metaspace       used 124502K, capacity 129573K, committed 129860K, reserved 1161216K
  class space    used 17547K, capacity 18662K, committed 18764K, reserved 1048576K
Event: 442.505 GC heap after
Heap after GC invocations=123 (full 2):
 garbage-first heap   total 4718592K, used 1584334K [0x00000004cc000000, 0x00000004ce000480, 0x00000007c0000000)
  region size 32768K, 2 young (65536K), 2 survivors (65536K)
 Metaspace       used 124502K, capacity 129573K, committed 129860K, reserved 1161216K
  class space    used 17547K, capacity 18662K, committed 18764K, reserved 1048576K
}
Event: 466.426 GC heap before
{Heap before GC invocations=123 (full 2):
 garbage-first heap   total 4718592K, used 3157198K [0x00000004cc000000, 0x00000004ce000480, 0x00000007c0000000)
  region size 32768K, 50 young (1638400K), 2 survivors (65536K)
 Metaspace       used 124555K, capacity 129655K, committed 129860K, reserved 1161216K
  class space    used 17549K, capacity 18665K, committed 18764K, reserved 1048576K
Event: 466.451 GC heap after
Heap after GC invocations=124 (full 2):
 garbage-first heap   total 4718592K, used 1576835K [0x00000004cc000000, 0x00000004ce000480, 0x00000007c0000000)
  region size 32768K, 2 young (65536K), 2 survivors (65536K)
 Metaspace       used 124555K, capacity 129655K, committed 129860K, reserved 1161216K
  class space    used 17549K, capacity 18665K, committed 18764K, reserved 1048576K
}
Event: 499.004 GC heap before
{Heap before GC invocations=124 (full 2):
 garbage-first heap   total 4718592K, used 3608451K [0x00000004cc000000, 0x00000004ce000480, 0x00000007c0000000)
  region size 32768K, 64 young (2097152K), 2 survivors (65536K)
 Metaspace       used 124626K, capacity 129733K, committed 129860K, reserved 1161216K
  class space    used 17551K, capacity 18666K, committed 18764K, reserved 1048576K
Event: 499.039 GC heap after
Heap after GC invocations=125 (full 2):
 garbage-first heap   total 4718592K, used 1584535K [0x00000004cc000000, 0x00000004ce000480, 0x00000007c0000000)
  region size 32768K, 2 young (65536K), 2 survivors (65536K)
 Metaspace       used 124626K, capacity 129733K, committed 129860K, reserved 1161216K
  class space    used 17551K, capacity 18666K, committed 18764K, reserved 1048576K
}

