# JRE version: Java(TM) SE Runtime Environment (8.0_51-b16) (build 1.8.0_51-b16)
# Java VM: Java HotSpot(TM) 64-Bit Server VM (25.51-b03 mixed mode windows-amd64 compressed oops)
Heap:
 garbage-first heap   total 2588672K, used 1533096K [0x0000000704000000, 0x0000000706000278, 0x00000007c0000000)
  region size 32768K, 6 young (196608K), 1 survivors (32768K)
 Metaspace       used 97060K, capacity 99971K, committed 100352K, reserved 1136640K
  class space    used 13109K, capacity 13701K, committed 13824K, reserved 1048576K
GC Heap History (10 events):
Event: 542.463 GC heap before
{Heap before GC invocations=104 (full 5):
 garbage-first heap   total 2588672K, used 1824710K [0x0000000704000000, 0x0000000706000278, 0x00000007c0000000)
  region size 32768K, 15 young (491520K), 2 survivors (65536K)
 Metaspace       used 95219K, capacity 97693K, committed 97920K, reserved 1134592K
  class space    used 13076K, capacity 13630K, committed 13696K, reserved 1048576K
Event: 542.496 GC heap after
Heap after GC invocations=105 (full 5):
 garbage-first heap   total 2588672K, used 1417113K [0x0000000704000000, 0x0000000706000278, 0x00000007c0000000)
  region size 32768K, 1 young (32768K), 1 survivors (32768K)
 Metaspace       used 95219K, capacity 97693K, committed 97920K, reserved 1134592K
  class space    used 13076K, capacity 13630K, committed 13696K, reserved 1048576K
}
Event: 553.433 GC heap before
{Heap before GC invocations=106 (full 5):
 garbage-first heap   total 2588672K, used 1875865K [0x0000000704000000, 0x0000000706000278, 0x00000007c0000000)
  region size 32768K, 15 young (491520K), 1 survivors (32768K)
 Metaspace       used 96384K, capacity 99235K, committed 99456K, reserved 1134592K
  class space    used 13095K, capacity 13671K, committed 13696K, reserved 1048576K
Event: 553.446 GC heap after
Heap after GC invocations=107 (full 5):
 garbage-first heap   total 2588672K, used 1399103K [0x0000000704000000, 0x0000000706000278, 0x00000007c0000000)
  region size 32768K, 1 young (32768K), 1 survivors (32768K)
 Metaspace       used 96384K, capacity 99235K, committed 99456K, reserved 1134592K
  class space    used 13095K, capacity 13671K, committed 13696K, reserved 1048576K
}
Event: 575.250 GC heap before
{Heap before GC invocations=107 (full 5):
 garbage-first heap   total 2588672K, used 1857855K [0x0000000704000000, 0x0000000706000278, 0x00000007c0000000)
  region size 32768K, 15 young (491520K), 1 survivors (32768K)
 Metaspace       used 96930K, capacity 99883K, committed 99968K, reserved 1136640K
  class space    used 13096K, capacity 13671K, committed 13696K, reserved 1048576K
Event: 575.270 GC heap after
Heap after GC invocations=108 (full 5):
 garbage-first heap   total 2588672K, used 1399217K [0x0000000704000000, 0x0000000706000278, 0x00000007c0000000)
  region size 32768K, 1 young (32768K), 1 survivors (32768K)
 Metaspace       used 96930K, capacity 99883K, committed 99968K, reserved 1136640K
  class space    used 13096K, capacity 13671K, committed 13696K, reserved 1048576K
}
Event: 607.091 GC heap before
{Heap before GC invocations=108 (full 5):
 garbage-first heap   total 2588672K, used 1956273K [0x0000000704000000, 0x0000000706000278, 0x00000007c0000000)
  region size 32768K, 18 young (589824K), 1 survivors (32768K)
 Metaspace       used 97051K, capacity 99983K, committed 100352K, reserved 1136640K
  class space    used 13110K, capacity 13703K, committed 13824K, reserved 1048576K
Event: 607.119 GC heap after
Heap after GC invocations=109 (full 5):
 garbage-first heap   total 2588672K, used 1400182K [0x0000000704000000, 0x0000000706000278, 0x00000007c0000000)
  region size 32768K, 1 young (32768K), 1 survivors (32768K)
 Metaspace       used 97051K, capacity 99983K, committed 100352K, reserved 1136640K
  class space    used 13110K, capacity 13703K, committed 13824K, reserved 1048576K
}
Event: 640.179 GC heap before
{Heap before GC invocations=110 (full 5):
 garbage-first heap   total 2588672K, used 1957238K [0x0000000704000000, 0x0000000706000278, 0x00000007c0000000)
  region size 32768K, 18 young (589824K), 1 survivors (32768K)
 Metaspace       used 97056K, capacity 99971K, committed 100352K, reserved 1136640K
  class space    used 13109K, capacity 13701K, committed 13824K, reserved 1048576K
Event: 640.211 GC heap after
Heap after GC invocations=111 (full 5):
 garbage-first heap   total 2588672K, used 1402024K [0x0000000704000000, 0x0000000706000278, 0x00000007c0000000)
  region size 32768K, 1 young (32768K), 1 survivors (32768K)
 Metaspace       used 97056K, capacity 99971K, committed 100352K, reserved 1136640K
  class space    used 13109K, capacity 13701K, committed 13824K, reserved 1048576K
}

