# JRE version: Java(TM) SE Runtime Environment (8.0_51-b16) (build 1.8.0_51-b16)
# Java VM: Java HotSpot(TM) 64-Bit Server VM (25.51-b03 mixed mode windows-amd64 compressed oops)
Heap:
 garbage-first heap   total 6324224K, used 1547150K [0x00000004cc000000, 0x00000004ce000608, 0x00000007c0000000)
  region size 32768K, 2 young (65536K), 2 survivors (65536K)
 Metaspace       used 122111K, capacity 126799K, committed 126872K, reserved 1157120K
  class space    used 17435K, capacity 18526K, committed 18584K, reserved 1048576K
GC Heap History (10 events):
Event: 181.121 GC heap after
Heap after GC invocations=85 (full 0):
 garbage-first heap   total 5373952K, used 2578562K [0x00000004cc000000, 0x00000004ce000520, 0x00000007c0000000)
  region size 32768K, 4 young (131072K), 4 survivors (131072K)
 Metaspace       used 106173K, capacity 108983K, committed 109016K, reserved 1142784K
  class space    used 15396K, capacity 16125K, committed 16128K, reserved 1048576K
}
Event: 185.540 GC heap before
{Heap before GC invocations=86 (full 0):
 garbage-first heap   total 5373952K, used 2545794K [0x00000004cc000000, 0x00000004ce000520, 0x00000007c0000000)
  region size 32768K, 10 young (327680K), 4 survivors (131072K)
 Metaspace       used 108412K, capacity 111221K, committed 111340K, reserved 1144832K
  class space    used 15753K, capacity 16484K, committed 16536K, reserved 1048576K
Event: 188.648 GC heap after
Heap after GC invocations=87 (full 1):
 garbage-first heap   total 4784128K, used 1427023K [0x00000004cc000000, 0x00000004ce000490, 0x00000007c0000000)
  region size 32768K, 0 young (0K), 0 survivors (0K)
 Metaspace       used 108412K, capacity 111221K, committed 111340K, reserved 1144832K
  class space    used 15753K, capacity 16484K, committed 16536K, reserved 1048576K
}
Event: 191.714 GC heap before
{Heap before GC invocations=87 (full 1):
 garbage-first heap   total 4784128K, used 2377295K [0x00000004cc000000, 0x00000004ce000490, 0x00000007c0000000)
  region size 32768K, 29 young (950272K), 0 survivors (0K)
 Metaspace       used 114401K, capacity 118147K, committed 118424K, reserved 1150976K
  class space    used 16766K, capacity 17702K, committed 17816K, reserved 1048576K
Event: 191.746 GC heap after
Heap after GC invocations=88 (full 1):
 garbage-first heap   total 4784128K, used 1602295K [0x00000004cc000000, 0x00000004ce000490, 0x00000007c0000000)
  region size 32768K, 4 young (131072K), 4 survivors (131072K)
 Metaspace       used 114401K, capacity 118147K, committed 118424K, reserved 1150976K
  class space    used 16766K, capacity 17702K, committed 17816K, reserved 1048576K
}
Event: 198.018 GC heap before
{Heap before GC invocations=88 (full 1):
 garbage-first heap   total 4784128K, used 2110199K [0x00000004cc000000, 0x00000004ce000490, 0x00000007c0000000)
  region size 32768K, 20 young (655360K), 4 survivors (131072K)
 Metaspace       used 116373K, capacity 120525K, committed 120728K, reserved 1153024K
  class space    used 17027K, capacity 18069K, committed 18072K, reserved 1048576K
Event: 202.956 GC heap after
Heap after GC invocations=89 (full 2):
 garbage-first heap   total 4784128K, used 1484187K [0x00000004cc000000, 0x00000004ce000490, 0x00000007c0000000)
  region size 32768K, 0 young (0K), 0 survivors (0K)
 Metaspace       used 116373K, capacity 120525K, committed 120728K, reserved 1153024K
  class space    used 17027K, capacity 18069K, committed 18072K, reserved 1048576K
}
Event: 211.818 GC heap before
{Heap before GC invocations=89 (full 2):
 garbage-first heap   total 4784128K, used 2434459K [0x00000004cc000000, 0x00000004ce000490, 0x00000007c0000000)
  region size 32768K, 29 young (950272K), 0 survivors (0K)
 Metaspace       used 120733K, capacity 125201K, committed 125336K, reserved 1157120K
  class space    used 17393K, capacity 18471K, committed 18584K, reserved 1048576K
Event: 211.857 GC heap after
Heap after GC invocations=90 (full 2):
 garbage-first heap   total 4784128K, used 1548094K [0x00000004cc000000, 0x00000004ce000490, 0x00000007c0000000)
  region size 32768K, 2 young (65536K), 2 survivors (65536K)
 Metaspace       used 120733K, capacity 125201K, committed 125336K, reserved 1157120K
  class space    used 17393K, capacity 18471K, committed 18584K, reserved 1048576K
}
Event: 222.741 GC heap before
{Heap before GC invocations=90 (full 2):
 garbage-first heap   total 4784128K, used 2432830K [0x00000004cc000000, 0x00000004ce000490, 0x00000007c0000000)
  region size 32768K, 29 young (950272K), 2 survivors (65536K)
 Metaspace       used 122111K, capacity 126799K, committed 126872K, reserved 1157120K
  class space    used 17435K, capacity 18526K, committed 18584K, reserved 1048576K

